<?xml version="1.0" encoding="UTF-8"?>
<coverage generated="1628795840602" clover="3.2.0">
  <project timestamp="1628795840602" name="All files">
    <metrics statements="10" coveredstatements="1" conditionals="4" coveredconditionals="0" methods="3" coveredmethods="0" elements="17" coveredelements="1" complexity="0" loc="10" ncloc="10" packages="1" files="1" classes="1"/>
    <file name="resourse.tsx" path="D:\FrontEnd\epam-project\src\helpers\resourse.tsx">
      <metrics statements="10" coveredstatements="1" conditionals="4" coveredconditionals="0" methods="3" coveredmethods="0"/>
      <line num="8" count="1" type="stmt"/>
      <line num="9" count="0" type="stmt"/>
      <line num="10" count="0" type="cond" truecount="0" falsecount="2"/>
      <line num="11" count="0" type="stmt"/>
      <line num="12" count="0" type="stmt"/>
      <line num="15" count="0" type="stmt"/>
      <line num="17" count="0" type="cond" truecount="0" falsecount="2"/>
      <line num="18" count="0" type="stmt"/>
      <line num="22" count="0" type="stmt"/>
      <line num="25" count="0" type="stmt"/>
    </file>
  </project>
</coverage>
