{"D:\\FrontEnd\\epam-project\\src\\components\\app\\app.tsx": {"path":"D:\\FrontEnd\\epam-project\\src\\components\\app\\app.tsx","statementMap":{"0":{"start":{"line":1,"column":0},"end":{"line":1,"column":65}},"1":{"start":{"line":2,"column":0},"end":{"line":2,"column":50}},"2":{"start":{"line":3,"column":0},"end":{"line":3,"column":42}},"3":{"start":{"line":4,"column":0},"end":{"line":4,"column":44}},"4":{"start":{"line":5,"column":0},"end":{"line":5,"column":48}},"5":{"start":{"line":6,"column":0},"end":{"line":6,"column":54}},"6":{"start":{"line":7,"column":0},"end":{"line":7,"column":50}},"7":{"start":{"line":9,"column":0},"end":{"line":9,"column":19}},"8":{"start":{"line":20,"column":0},"end":{"line":20,"column":77}},"9":{"start":{"line":20,"column":33},"end":{"line":20,"column":42}},"10":{"start":{"line":22,"column":4},"end":{"line":22,"column":null}},"11":{"start":{"line":24,"column":4},"end":{"line":31,"column":6}},"12":{"start":{"line":33,"column":4},"end":{"line":33,"column":63}},"13":{"start":{"line":34,"column":4},"end":{"line":34,"column":53}},"14":{"start":{"line":35,"column":4},"end":{"line":35,"column":53}},"15":{"start":{"line":36,"column":4},"end":{"line":36,"column":49}},"16":{"start":{"line":37,"column":4},"end":{"line":37,"column":49}},"17":{"start":{"line":38,"column":4},"end":{"line":38,"column":67}},"18":{"start":{"line":41,"column":2},"end":{"line":48,"column":null}},"19":{"start":{"line":41,"column":2},"end":{"line":41,"column":19}},"20":{"start":{"line":42,"column":4},"end":{"line":47,"column":7}},"21":{"start":{"line":43,"column":6},"end":{"line":46,"column":9}},"22":{"start":{"line":50,"column":2},"end":{"line":66,"column":null}},"23":{"start":{"line":50,"column":2},"end":{"line":50,"column":14}},"24":{"start":{"line":51,"column":4},"end":{"line":51,"column":27}},"25":{"start":{"line":52,"column":52},"end":{"line":52,"column":62}},"26":{"start":{"line":52,"column":23},"end":{"line":52,"column":25}},"27":{"start":{"line":52,"column":36},"end":{"line":52,"column":38}},"28":{"start":{"line":52,"column":47},"end":{"line":52,"column":52}},"29":{"start":{"line":53,"column":19},"end":{"line":58,"column":6}},"30":{"start":{"line":60,"column":4},"end":{"line":65,"column":7}},"31":{"start":{"line":61,"column":6},"end":{"line":64,"column":9}},"32":{"start":{"line":68,"column":2},"end":{"line":72,"column":null}},"33":{"start":{"line":68,"column":30},"end":{"line":68,"column":64}},"34":{"start":{"line":69,"column":4},"end":{"line":71,"column":7}},"35":{"start":{"line":74,"column":2},"end":{"line":78,"column":null}},"36":{"start":{"line":74,"column":32},"end":{"line":74,"column":66}},"37":{"start":{"line":75,"column":4},"end":{"line":77,"column":7}},"38":{"start":{"line":80,"column":2},"end":{"line":84,"column":null}},"39":{"start":{"line":80,"column":37},"end":{"line":80,"column":71}},"40":{"start":{"line":81,"column":4},"end":{"line":83,"column":7}},"41":{"start":{"line":86,"column":2},"end":{"line":90,"column":null}},"42":{"start":{"line":87,"column":4},"end":{"line":89,"column":7}},"43":{"start":{"line":92,"column":2},"end":{"line":96,"column":null}},"44":{"start":{"line":93,"column":6},"end":{"line":95,"column":9}},"45":{"start":{"line":98,"column":2},"end":{"line":129,"column":null}},"46":{"start":{"line":99,"column":80},"end":{"line":99,"column":90}},"47":{"start":{"line":99,"column":21},"end":{"line":99,"column":23}},"48":{"start":{"line":99,"column":29},"end":{"line":99,"column":31}},"49":{"start":{"line":99,"column":42},"end":{"line":99,"column":44}},"50":{"start":{"line":99,"column":55},"end":{"line":99,"column":57}},"51":{"start":{"line":99,"column":66},"end":{"line":99,"column":68}},"52":{"start":{"line":99,"column":75},"end":{"line":99,"column":80}},"53":{"start":{"line":101,"column":4},"end":{"line":128,"column":6}},"54":{"start":{"line":130,"column":0},"end":{"line":130,"column":null}}},"fnMap":{"0":{"name":"(anonymous_12)","decl":{"start":{"line":20,"column":0},"end":{"line":20,"column":33}},"loc":{"start":{"line":20,"column":0},"end":{"line":130,"column":null}}},"1":{"name":"App","decl":{"start":{"line":21,"column":2},"end":{"line":21,"column":14}},"loc":{"start":{"line":21,"column":44},"end":{"line":39,"column":3}}},"2":{"name":"(anonymous_14)","decl":{"start":{"line":41,"column":2},"end":{"line":41,"column":19}},"loc":{"start":{"line":41,"column":2},"end":{"line":48,"column":3}}},"3":{"name":"(anonymous_15)","decl":{"start":{"line":42,"column":62},"end":{"line":42,"column":63}},"loc":{"start":{"line":42,"column":69},"end":{"line":47,"column":5}}},"4":{"name":"(anonymous_16)","decl":{"start":{"line":50,"column":2},"end":{"line":50,"column":14}},"loc":{"start":{"line":50,"column":48},"end":{"line":66,"column":3}}},"5":{"name":"(anonymous_17)","decl":{"start":{"line":60,"column":70},"end":{"line":60,"column":71}},"loc":{"start":{"line":60,"column":77},"end":{"line":65,"column":5}}},"6":{"name":"(anonymous_18)","decl":{"start":{"line":68,"column":2},"end":{"line":68,"column":12}},"loc":{"start":{"line":68,"column":64},"end":{"line":72,"column":3}}},"7":{"name":"(anonymous_19)","decl":{"start":{"line":74,"column":2},"end":{"line":74,"column":14}},"loc":{"start":{"line":74,"column":66},"end":{"line":78,"column":3}}},"8":{"name":"(anonymous_20)","decl":{"start":{"line":80,"column":2},"end":{"line":80,"column":19}},"loc":{"start":{"line":80,"column":71},"end":{"line":84,"column":3}}},"9":{"name":"(anonymous_21)","decl":{"start":{"line":86,"column":2},"end":{"line":86,"column":12}},"loc":{"start":{"line":86,"column":2},"end":{"line":90,"column":3}}},"10":{"name":"(anonymous_22)","decl":{"start":{"line":92,"column":2},"end":{"line":92,"column":21}},"loc":{"start":{"line":92,"column":32},"end":{"line":96,"column":3}}},"11":{"name":"(anonymous_23)","decl":{"start":{"line":98,"column":2},"end":{"line":98,"column":8}},"loc":{"start":{"line":98,"column":2},"end":{"line":129,"column":3}}}},"branchMap":{"0":{"loc":{"start":{"line":22,"column":4},"end":{"line":22,"column":16}},"type":"binary-expr","locations":[{"start":{"line":22,"column":4},"end":{"line":22,"column":16}},{"start":{"line":22,"column":16},"end":{"line":22,"column":null}}]},"1":{"loc":{"start":{"line":54,"column":45},"end":{"line":54,"column":59}},"type":"cond-expr","locations":[{"start":{"line":54,"column":45},"end":{"line":54,"column":59}},{"start":{"line":54,"column":62},"end":{"line":54,"column":76}}]},"2":{"loc":{"start":{"line":55,"column":42},"end":{"line":55,"column":47}},"type":"cond-expr","locations":[{"start":{"line":55,"column":42},"end":{"line":55,"column":47}},{"start":{"line":55,"column":50},"end":{"line":55,"column":56}}]},"3":{"loc":{"start":{"line":57,"column":42},"end":{"line":57,"column":49}},"type":"cond-expr","locations":[{"start":{"line":57,"column":42},"end":{"line":57,"column":49}},{"start":{"line":57,"column":52},"end":{"line":57,"column":60}}]},"4":{"loc":{"start":{"line":104,"column":10},"end":{"line":109,"column":null}},"type":"cond-expr","locations":[{"start":{"line":104,"column":10},"end":{"line":109,"column":null}},{"start":{"line":112,"column":10},"end":{"line":114,"column":null}}]},"5":{"loc":{"start":{"line":120,"column":71},"end":{"line":120,"column":73}},"type":"cond-expr","locations":[{"start":{"line":120,"column":71},"end":{"line":120,"column":73}},{"start":{"line":120,"column":76},"end":{"line":120,"column":79}}]}},"s":{"0":1,"1":1,"2":1,"3":1,"4":1,"5":1,"6":1,"7":1,"8":1,"9":1,"10":2,"11":1,"12":1,"13":1,"14":1,"15":1,"16":1,"17":1,"18":1,"19":1,"20":1,"21":0,"22":1,"23":0,"24":0,"25":0,"26":0,"27":0,"28":0,"29":0,"30":0,"31":0,"32":1,"33":0,"34":0,"35":1,"36":0,"37":0,"38":1,"39":0,"40":0,"41":1,"42":0,"43":1,"44":0,"45":1,"46":1,"47":1,"48":1,"49":1,"50":1,"51":1,"52":1,"53":1,"54":1},"f":{"0":1,"1":2,"2":1,"3":0,"4":0,"5":0,"6":0,"7":0,"8":0,"9":0,"10":0,"11":1},"b":{"0":[2,1],"1":[0,0],"2":[0,0],"3":[0,0],"4":[1,0],"5":[0,1]}}
,"D:\\FrontEnd\\epam-project\\src\\components\\app\\index.tsx": {"path":"D:\\FrontEnd\\epam-project\\src\\components\\app\\index.tsx","statementMap":{"0":{"start":{"line":1,"column":0},"end":{"line":1,"column":9}},"1":{"start":{"line":1,"column":9},"end":{"line":1,"column":23}}},"fnMap":{"0":{"name":"(anonymous_1)","decl":{"start":{"line":1,"column":9},"end":{"line":1,"column":16}},"loc":{"start":{"line":1,"column":9},"end":{"line":1,"column":23}}}},"branchMap":{},"s":{"0":1,"1":2},"f":{"0":1},"b":{}}
,"D:\\FrontEnd\\epam-project\\src\\components\\error-boundary\\error-boundary.tsx": {"path":"D:\\FrontEnd\\epam-project\\src\\components\\error-boundary\\error-boundary.tsx","statementMap":{"0":{"start":{"line":1,"column":0},"end":{"line":1,"column":71}},"1":{"start":{"line":7,"column":0},"end":{"line":7,"column":102}},"2":{"start":{"line":7,"column":43},"end":{"line":7,"column":52}},"3":{"start":{"line":9,"column":4},"end":{"line":9,"column":null}},"4":{"start":{"line":11,"column":4},"end":{"line":13,"column":6}},"5":{"start":{"line":16,"column":2},"end":{"line":21,"column":null}},"6":{"start":{"line":17,"column":4},"end":{"line":19,"column":7}},"7":{"start":{"line":20,"column":4},"end":{"line":20,"column":35}},"8":{"start":{"line":23,"column":2},"end":{"line":31,"column":null}},"9":{"start":{"line":24,"column":22},"end":{"line":24,"column":33}},"10":{"start":{"line":25,"column":25},"end":{"line":25,"column":36}},"11":{"start":{"line":27,"column":4},"end":{"line":29,"column":null}},"12":{"start":{"line":28,"column":6},"end":{"line":28,"column":68}},"13":{"start":{"line":30,"column":4},"end":{"line":30,"column":20}},"14":{"start":{"line":32,"column":0},"end":{"line":32,"column":null}}},"fnMap":{"0":{"name":"(anonymous_12)","decl":{"start":{"line":7,"column":0},"end":{"line":7,"column":43}},"loc":{"start":{"line":7,"column":0},"end":{"line":32,"column":null}}},"1":{"name":"ErrorBoundary","decl":{"start":{"line":8,"column":2},"end":{"line":8,"column":14}},"loc":{"start":{"line":8,"column":49},"end":{"line":14,"column":3}}},"2":{"name":"(anonymous_14)","decl":{"start":{"line":16,"column":2},"end":{"line":16,"column":19}},"loc":{"start":{"line":16,"column":32},"end":{"line":21,"column":3}}},"3":{"name":"(anonymous_15)","decl":{"start":{"line":23,"column":2},"end":{"line":23,"column":8}},"loc":{"start":{"line":23,"column":2},"end":{"line":31,"column":3}}}},"branchMap":{"0":{"loc":{"start":{"line":9,"column":4},"end":{"line":9,"column":16}},"type":"binary-expr","locations":[{"start":{"line":9,"column":4},"end":{"line":9,"column":16}},{"start":{"line":9,"column":16},"end":{"line":9,"column":null}}]},"1":{"loc":{"start":{"line":27,"column":4},"end":{"line":29,"column":null}},"type":"if","locations":[{"start":{"line":27,"column":4},"end":{"line":29,"column":null}},{"start":{"line":27,"column":4},"end":{"line":29,"column":null}}]}},"s":{"0":1,"1":1,"2":1,"3":1,"4":1,"5":1,"6":0,"7":0,"8":1,"9":1,"10":1,"11":1,"12":0,"13":1,"14":1},"f":{"0":1,"1":1,"2":0,"3":1},"b":{"0":[1,1],"1":[0,1]}}
,"D:\\FrontEnd\\epam-project\\src\\components\\error-boundary\\index.tsx": {"path":"D:\\FrontEnd\\epam-project\\src\\components\\error-boundary\\index.tsx","statementMap":{"0":{"start":{"line":1,"column":0},"end":{"line":1,"column":9}},"1":{"start":{"line":1,"column":9},"end":{"line":1,"column":33}}},"fnMap":{"0":{"name":"(anonymous_1)","decl":{"start":{"line":1,"column":9},"end":{"line":1,"column":16}},"loc":{"start":{"line":1,"column":9},"end":{"line":1,"column":33}}}},"branchMap":{},"s":{"0":1,"1":2},"f":{"0":1},"b":{}}
,"D:\\FrontEnd\\epam-project\\src\\components\\movie\\movie-card\\index.tsx": {"path":"D:\\FrontEnd\\epam-project\\src\\components\\movie\\movie-card\\index.tsx","statementMap":{"0":{"start":{"line":1,"column":0},"end":{"line":1,"column":9}},"1":{"start":{"line":1,"column":9},"end":{"line":1,"column":29}}},"fnMap":{"0":{"name":"(anonymous_1)","decl":{"start":{"line":1,"column":9},"end":{"line":1,"column":16}},"loc":{"start":{"line":1,"column":9},"end":{"line":1,"column":29}}}},"branchMap":{},"s":{"0":1,"1":1},"f":{"0":0},"b":{}}
,"D:\\FrontEnd\\epam-project\\src\\components\\movie\\movie-card\\movie-card.tsx": {"path":"D:\\FrontEnd\\epam-project\\src\\components\\movie\\movie-card\\movie-card.tsx","statementMap":{"0":{"start":{"line":1,"column":0},"end":{"line":1,"column":45}},"1":{"start":{"line":2,"column":0},"end":{"line":2,"column":26}},"2":{"start":{"line":14,"column":0},"end":{"line":14,"column":84}},"3":{"start":{"line":14,"column":39},"end":{"line":14,"column":52}},"4":{"start":{"line":16,"column":4},"end":{"line":16,"column":null}},"5":{"start":{"line":18,"column":4},"end":{"line":20,"column":6}},"6":{"start":{"line":22,"column":4},"end":{"line":22,"column":57}},"7":{"start":{"line":23,"column":4},"end":{"line":23,"column":61}},"8":{"start":{"line":26,"column":2},"end":{"line":29,"column":null}},"9":{"start":{"line":27,"column":46},"end":{"line":27,"column":56}},"10":{"start":{"line":27,"column":27},"end":{"line":27,"column":37}},"11":{"start":{"line":27,"column":39},"end":{"line":27,"column":46}},"12":{"start":{"line":28,"column":4},"end":{"line":28,"column":24}},"13":{"start":{"line":31,"column":2},"end":{"line":35,"column":null}},"14":{"start":{"line":32,"column":4},"end":{"line":34,"column":7}},"15":{"start":{"line":37,"column":2},"end":{"line":67,"column":null}},"16":{"start":{"line":38,"column":27},"end":{"line":38,"column":38}},"17":{"start":{"line":46,"column":10},"end":{"line":46,"column":null}},"18":{"start":{"line":41,"column":27},"end":{"line":41,"column":null}},"19":{"start":{"line":42,"column":33},"end":{"line":42,"column":null}},"20":{"start":{"line":43,"column":13},"end":{"line":43,"column":null}},"21":{"start":{"line":44,"column":14},"end":{"line":44,"column":null}},"22":{"start":{"line":48,"column":19},"end":{"line":48,"column":91}},"23":{"start":{"line":50,"column":4},"end":{"line":66,"column":6}},"24":{"start":{"line":68,"column":0},"end":{"line":68,"column":null}}},"fnMap":{"0":{"name":"(anonymous_12)","decl":{"start":{"line":14,"column":0},"end":{"line":14,"column":39}},"loc":{"start":{"line":14,"column":0},"end":{"line":68,"column":null}}},"1":{"name":"MovieCard","decl":{"start":{"line":15,"column":2},"end":{"line":15,"column":14}},"loc":{"start":{"line":15,"column":35},"end":{"line":24,"column":3}}},"2":{"name":"(anonymous_14)","decl":{"start":{"line":26,"column":2},"end":{"line":26,"column":16}},"loc":{"start":{"line":26,"column":2},"end":{"line":29,"column":3}}},"3":{"name":"(anonymous_15)","decl":{"start":{"line":31,"column":2},"end":{"line":31,"column":18}},"loc":{"start":{"line":31,"column":2},"end":{"line":35,"column":3}}},"4":{"name":"(anonymous_16)","decl":{"start":{"line":37,"column":2},"end":{"line":37,"column":8}},"loc":{"start":{"line":37,"column":2},"end":{"line":67,"column":3}}}},"branchMap":{"0":{"loc":{"start":{"line":16,"column":4},"end":{"line":16,"column":16}},"type":"binary-expr","locations":[{"start":{"line":16,"column":4},"end":{"line":16,"column":16}},{"start":{"line":16,"column":16},"end":{"line":16,"column":null}}]},"1":{"loc":{"start":{"line":48,"column":33},"end":{"line":48,"column":82}},"type":"cond-expr","locations":[{"start":{"line":48,"column":33},"end":{"line":48,"column":82}},{"start":{"line":48,"column":85},"end":{"line":48,"column":91}}]}},"s":{"0":1,"1":1,"2":1,"3":1,"4":0,"5":0,"6":0,"7":0,"8":1,"9":0,"10":0,"11":0,"12":0,"13":1,"14":0,"15":1,"16":0,"17":0,"18":0,"19":0,"20":0,"21":0,"22":0,"23":0,"24":1},"f":{"0":1,"1":0,"2":0,"3":0,"4":0},"b":{"0":[0,0],"1":[0,0]}}
,"D:\\FrontEnd\\epam-project\\src\\components\\movie\\movie-details\\index.tsx": {"path":"D:\\FrontEnd\\epam-project\\src\\components\\movie\\movie-details\\index.tsx","statementMap":{"0":{"start":{"line":1,"column":0},"end":{"line":1,"column":9}},"1":{"start":{"line":1,"column":9},"end":{"line":1,"column":32}}},"fnMap":{"0":{"name":"(anonymous_1)","decl":{"start":{"line":1,"column":9},"end":{"line":1,"column":16}},"loc":{"start":{"line":1,"column":9},"end":{"line":1,"column":32}}}},"branchMap":{},"s":{"0":1,"1":1},"f":{"0":0},"b":{}}
,"D:\\FrontEnd\\epam-project\\src\\components\\movie\\movie-details\\movie-details.tsx": {"path":"D:\\FrontEnd\\epam-project\\src\\components\\movie\\movie-details\\movie-details.tsx","statementMap":{"0":{"start":{"line":1,"column":0},"end":{"line":1,"column":41}},"1":{"start":{"line":2,"column":0},"end":{"line":2,"column":53}},"2":{"start":{"line":4,"column":0},"end":{"line":4,"column":29}},"3":{"start":{"line":16,"column":0},"end":{"line":16,"column":89}},"4":{"start":{"line":16,"column":42},"end":{"line":16,"column":51}},"5":{"start":{"line":18,"column":4},"end":{"line":18,"column":null}},"6":{"start":{"line":20,"column":4},"end":{"line":23,"column":6}},"7":{"start":{"line":25,"column":4},"end":{"line":25,"column":61}},"8":{"start":{"line":28,"column":2},"end":{"line":30,"column":null}},"9":{"start":{"line":29,"column":4},"end":{"line":29,"column":23}},"10":{"start":{"line":32,"column":2},"end":{"line":37,"column":null}},"11":{"start":{"line":33,"column":24},"end":{"line":33,"column":35}},"12":{"start":{"line":34,"column":4},"end":{"line":36,"column":null}},"13":{"start":{"line":35,"column":6},"end":{"line":35,"column":25}},"14":{"start":{"line":39,"column":2},"end":{"line":43,"column":null}},"15":{"start":{"line":40,"column":4},"end":{"line":42,"column":7}},"16":{"start":{"line":45,"column":2},"end":{"line":60,"column":null}},"17":{"start":{"line":45,"column":2},"end":{"line":45,"column":13}},"18":{"start":{"line":46,"column":24},"end":{"line":46,"column":35}},"19":{"start":{"line":48,"column":4},"end":{"line":53,"column":null}},"20":{"start":{"line":49,"column":6},"end":{"line":51,"column":9}},"21":{"start":{"line":52,"column":6},"end":{"line":52,"column":13}},"22":{"start":{"line":55,"column":4},"end":{"line":59,"column":7}},"23":{"start":{"line":56,"column":6},"end":{"line":58,"column":9}},"24":{"start":{"line":62,"column":2},"end":{"line":103,"column":null}},"25":{"start":{"line":63,"column":34},"end":{"line":63,"column":44}},"26":{"start":{"line":63,"column":17},"end":{"line":63,"column":19}},"27":{"start":{"line":63,"column":29},"end":{"line":63,"column":34}},"28":{"start":{"line":64,"column":23},"end":{"line":64,"column":34}},"29":{"start":{"line":66,"column":4},"end":{"line":66,"column":28}},"30":{"start":{"line":66,"column":16},"end":{"line":66,"column":28}},"31":{"start":{"line":76,"column":8},"end":{"line":76,"column":14}},"32":{"start":{"line":79,"column":19},"end":{"line":79,"column":91}},"33":{"start":{"line":81,"column":4},"end":{"line":102,"column":6}},"34":{"start":{"line":104,"column":0},"end":{"line":104,"column":null}}},"fnMap":{"0":{"name":"(anonymous_12)","decl":{"start":{"line":16,"column":0},"end":{"line":16,"column":42}},"loc":{"start":{"line":16,"column":0},"end":{"line":104,"column":null}}},"1":{"name":"MovieDetails","decl":{"start":{"line":17,"column":2},"end":{"line":17,"column":14}},"loc":{"start":{"line":17,"column":38},"end":{"line":26,"column":3}}},"2":{"name":"(anonymous_14)","decl":{"start":{"line":28,"column":2},"end":{"line":28,"column":19}},"loc":{"start":{"line":28,"column":2},"end":{"line":30,"column":3}}},"3":{"name":"(anonymous_15)","decl":{"start":{"line":32,"column":2},"end":{"line":32,"column":20}},"loc":{"start":{"line":32,"column":49},"end":{"line":37,"column":3}}},"4":{"name":"(anonymous_16)","decl":{"start":{"line":39,"column":2},"end":{"line":39,"column":18}},"loc":{"start":{"line":39,"column":2},"end":{"line":43,"column":3}}},"5":{"name":"(anonymous_17)","decl":{"start":{"line":45,"column":2},"end":{"line":45,"column":13}},"loc":{"start":{"line":45,"column":2},"end":{"line":60,"column":3}}},"6":{"name":"(anonymous_18)","decl":{"start":{"line":55,"column":73},"end":{"line":55,"column":74}},"loc":{"start":{"line":55,"column":79},"end":{"line":59,"column":5}}},"7":{"name":"(anonymous_19)","decl":{"start":{"line":62,"column":2},"end":{"line":62,"column":8}},"loc":{"start":{"line":62,"column":2},"end":{"line":103,"column":3}}}},"branchMap":{"0":{"loc":{"start":{"line":18,"column":4},"end":{"line":18,"column":16}},"type":"binary-expr","locations":[{"start":{"line":18,"column":4},"end":{"line":18,"column":16}},{"start":{"line":18,"column":16},"end":{"line":18,"column":null}}]},"1":{"loc":{"start":{"line":34,"column":4},"end":{"line":36,"column":null}},"type":"if","locations":[{"start":{"line":34,"column":4},"end":{"line":36,"column":null}},{"start":{"line":34,"column":4},"end":{"line":36,"column":null}}]},"2":{"loc":{"start":{"line":48,"column":4},"end":{"line":53,"column":null}},"type":"if","locations":[{"start":{"line":48,"column":4},"end":{"line":53,"column":null}},{"start":{"line":48,"column":4},"end":{"line":53,"column":null}}]},"3":{"loc":{"start":{"line":66,"column":4},"end":{"line":66,"column":28}},"type":"if","locations":[{"start":{"line":66,"column":4},"end":{"line":66,"column":28}},{"start":{"line":66,"column":4},"end":{"line":66,"column":28}}]},"4":{"loc":{"start":{"line":79,"column":33},"end":{"line":79,"column":82}},"type":"cond-expr","locations":[{"start":{"line":79,"column":33},"end":{"line":79,"column":82}},{"start":{"line":79,"column":85},"end":{"line":79,"column":91}}]}},"s":{"0":1,"1":1,"2":1,"3":1,"4":1,"5":0,"6":0,"7":0,"8":1,"9":0,"10":1,"11":0,"12":0,"13":0,"14":1,"15":0,"16":1,"17":0,"18":0,"19":0,"20":0,"21":0,"22":0,"23":0,"24":1,"25":0,"26":0,"27":0,"28":0,"29":0,"30":0,"31":0,"32":0,"33":0,"34":1},"f":{"0":1,"1":0,"2":0,"3":0,"4":0,"5":0,"6":0,"7":0},"b":{"0":[0,0],"1":[0,0],"2":[0,0],"3":[0,0],"4":[0,0]}}
,"D:\\FrontEnd\\epam-project\\src\\components\\movie\\movie-list\\index.tsx": {"path":"D:\\FrontEnd\\epam-project\\src\\components\\movie\\movie-list\\index.tsx","statementMap":{"0":{"start":{"line":1,"column":0},"end":{"line":1,"column":9}},"1":{"start":{"line":1,"column":9},"end":{"line":1,"column":29}}},"fnMap":{"0":{"name":"(anonymous_1)","decl":{"start":{"line":1,"column":9},"end":{"line":1,"column":16}},"loc":{"start":{"line":1,"column":9},"end":{"line":1,"column":29}}}},"branchMap":{},"s":{"0":1,"1":2},"f":{"0":1},"b":{}}
,"D:\\FrontEnd\\epam-project\\src\\components\\movie\\movie-list\\movie-list.tsx": {"path":"D:\\FrontEnd\\epam-project\\src\\components\\movie\\movie-list\\movie-list.tsx","statementMap":{"0":{"start":{"line":1,"column":0},"end":{"line":1,"column":26}},"1":{"start":{"line":2,"column":0},"end":{"line":2,"column":42}},"2":{"start":{"line":11,"column":45},"end":{"line":11,"column":47}},"3":{"start":{"line":11,"column":53},"end":{"line":11,"column":55}},"4":{"start":{"line":11,"column":70},"end":{"line":11,"column":89}},"5":{"start":{"line":13,"column":2},"end":{"line":13,"column":44}},"6":{"start":{"line":13,"column":17},"end":{"line":13,"column":44}},"7":{"start":{"line":14,"column":2},"end":{"line":14,"column":47}},"8":{"start":{"line":14,"column":15},"end":{"line":14,"column":47}},"9":{"start":{"line":16,"column":2},"end":{"line":24,"column":4}},"10":{"start":{"line":18,"column":29},"end":{"line":22,"column":8}},"11":{"start":{"line":11,"column":0},"end":{"line":11,"column":24}}},"fnMap":{"0":{"name":"MovieList","decl":{"start":{"line":11,"column":24},"end":{"line":11,"column":33}},"loc":{"start":{"line":11,"column":89},"end":{"line":25,"column":1}}},"1":{"name":"(anonymous_2)","decl":{"start":{"line":18,"column":18},"end":{"line":18,"column":19}},"loc":{"start":{"line":18,"column":24},"end":{"line":18,"column":null}}}},"branchMap":{"0":{"loc":{"start":{"line":13,"column":2},"end":{"line":13,"column":44}},"type":"if","locations":[{"start":{"line":13,"column":2},"end":{"line":13,"column":44}},{"start":{"line":13,"column":2},"end":{"line":13,"column":44}}]},"1":{"loc":{"start":{"line":14,"column":2},"end":{"line":14,"column":47}},"type":"if","locations":[{"start":{"line":14,"column":2},"end":{"line":14,"column":47}},{"start":{"line":14,"column":2},"end":{"line":14,"column":47}}]}},"s":{"0":1,"1":1,"2":1,"3":1,"4":1,"5":1,"6":1,"7":0,"8":0,"9":0,"10":0,"11":1},"f":{"0":1,"1":0},"b":{"0":[1,0],"1":[0,0]}}
,"D:\\FrontEnd\\epam-project\\src\\components\\radio-button\\index.tsx": {"path":"D:\\FrontEnd\\epam-project\\src\\components\\radio-button\\index.tsx","statementMap":{"0":{"start":{"line":1,"column":0},"end":{"line":1,"column":9}},"1":{"start":{"line":1,"column":9},"end":{"line":1,"column":31}}},"fnMap":{"0":{"name":"(anonymous_1)","decl":{"start":{"line":1,"column":9},"end":{"line":1,"column":16}},"loc":{"start":{"line":1,"column":9},"end":{"line":1,"column":31}}}},"branchMap":{},"s":{"0":2,"1":8},"f":{"0":6},"b":{}}
,"D:\\FrontEnd\\epam-project\\src\\components\\radio-button\\radio-button.tsx": {"path":"D:\\FrontEnd\\epam-project\\src\\components\\radio-button\\radio-button.tsx","statementMap":{"0":{"start":{"line":1,"column":0},"end":{"line":1,"column":43}},"1":{"start":{"line":2,"column":0},"end":{"line":2,"column":28}},"2":{"start":{"line":11,"column":43},"end":{"line":11,"column":45}},"3":{"start":{"line":11,"column":53},"end":{"line":11,"column":55}},"4":{"start":{"line":11,"column":64},"end":{"line":11,"column":66}},"5":{"start":{"line":11,"column":75},"end":{"line":11,"column":95}},"6":{"start":{"line":12,"column":2},"end":{"line":23,"column":4}},"7":{"start":{"line":11,"column":0},"end":{"line":11,"column":24}}},"fnMap":{"0":{"name":"RadioButton","decl":{"start":{"line":11,"column":24},"end":{"line":11,"column":35}},"loc":{"start":{"line":11,"column":95},"end":{"line":24,"column":1}}}},"branchMap":{"0":{"loc":{"start":{"line":13,"column":37},"end":{"line":13,"column":56}},"type":"cond-expr","locations":[{"start":{"line":13,"column":37},"end":{"line":13,"column":56}},{"start":{"line":13,"column":59},"end":{"line":13,"column":68}}]}},"s":{"0":2,"1":2,"2":6,"3":6,"4":6,"5":6,"6":6,"7":2},"f":{"0":6},"b":{"0":[3,3]}}
,"D:\\FrontEnd\\epam-project\\src\\components\\search-bar\\index.tsx": {"path":"D:\\FrontEnd\\epam-project\\src\\components\\search-bar\\index.tsx","statementMap":{"0":{"start":{"line":1,"column":0},"end":{"line":1,"column":9}},"1":{"start":{"line":1,"column":9},"end":{"line":1,"column":29}}},"fnMap":{"0":{"name":"(anonymous_1)","decl":{"start":{"line":1,"column":9},"end":{"line":1,"column":16}},"loc":{"start":{"line":1,"column":9},"end":{"line":1,"column":29}}}},"branchMap":{},"s":{"0":1,"1":2},"f":{"0":1},"b":{}}
,"D:\\FrontEnd\\epam-project\\src\\components\\search-bar\\search-bar.tsx": {"path":"D:\\FrontEnd\\epam-project\\src\\components\\search-bar\\search-bar.tsx","statementMap":{"0":{"start":{"line":1,"column":0},"end":{"line":1,"column":54}},"1":{"start":{"line":2,"column":0},"end":{"line":2,"column":46}},"2":{"start":{"line":3,"column":0},"end":{"line":3,"column":26}},"3":{"start":{"line":13,"column":47},"end":{"line":13,"column":49}},"4":{"start":{"line":13,"column":54},"end":{"line":13,"column":56}},"5":{"start":{"line":13,"column":64},"end":{"line":13,"column":66}},"6":{"start":{"line":13,"column":79},"end":{"line":13,"column":81}},"7":{"start":{"line":13,"column":89},"end":{"line":13,"column":107}},"8":{"start":{"line":14,"column":2},"end":{"line":48,"column":4}},"9":{"start":{"line":13,"column":0},"end":{"line":13,"column":24}}},"fnMap":{"0":{"name":"SearchBar","decl":{"start":{"line":13,"column":24},"end":{"line":13,"column":33}},"loc":{"start":{"line":13,"column":107},"end":{"line":49,"column":1}}}},"branchMap":{},"s":{"0":1,"1":1,"2":1,"3":1,"4":1,"5":1,"6":1,"7":1,"8":1,"9":1},"f":{"0":1},"b":{}}
,"D:\\FrontEnd\\epam-project\\src\\components\\search-info\\index.tsx": {"path":"D:\\FrontEnd\\epam-project\\src\\components\\search-info\\index.tsx","statementMap":{"0":{"start":{"line":1,"column":0},"end":{"line":1,"column":9}},"1":{"start":{"line":1,"column":9},"end":{"line":1,"column":30}}},"fnMap":{"0":{"name":"(anonymous_1)","decl":{"start":{"line":1,"column":9},"end":{"line":1,"column":16}},"loc":{"start":{"line":1,"column":9},"end":{"line":1,"column":30}}}},"branchMap":{},"s":{"0":1,"1":2},"f":{"0":1},"b":{}}
,"D:\\FrontEnd\\epam-project\\src\\components\\search-info\\search-info.tsx": {"path":"D:\\FrontEnd\\epam-project\\src\\components\\search-info\\search-info.tsx","statementMap":{"0":{"start":{"line":1,"column":0},"end":{"line":1,"column":43}},"1":{"start":{"line":2,"column":0},"end":{"line":2,"column":46}},"2":{"start":{"line":3,"column":0},"end":{"line":3,"column":27}},"3":{"start":{"line":11,"column":49},"end":{"line":11,"column":51}},"4":{"start":{"line":11,"column":60},"end":{"line":11,"column":62}},"5":{"start":{"line":11,"column":68},"end":{"line":11,"column":87}},"6":{"start":{"line":12,"column":2},"end":{"line":31,"column":4}},"7":{"start":{"line":11,"column":0},"end":{"line":11,"column":24}}},"fnMap":{"0":{"name":"SearchInfo","decl":{"start":{"line":11,"column":24},"end":{"line":11,"column":34}},"loc":{"start":{"line":11,"column":87},"end":{"line":32,"column":1}}}},"branchMap":{},"s":{"0":2,"1":2,"2":2,"3":2,"4":2,"5":2,"6":2,"7":2},"f":{"0":2},"b":{}}
,"D:\\FrontEnd\\epam-project\\src\\helpers\\resourse.tsx": {"path":"D:\\FrontEnd\\epam-project\\src\\helpers\\resourse.tsx","statementMap":{"0":{"start":{"line":9,"column":18},"end":{"line":9,"column":21}},"1":{"start":{"line":10,"column":2},"end":{"line":13,"column":null}},"2":{"start":{"line":11,"column":24},"end":{"line":11,"column":67}},"3":{"start":{"line":12,"column":4},"end":{"line":12,"column":40}},"4":{"start":{"line":15,"column":2},"end":{"line":26,"column":7}},"5":{"start":{"line":17,"column":6},"end":{"line":21,"column":null}},"6":{"start":{"line":18,"column":8},"end":{"line":20,"column":10}},"7":{"start":{"line":22,"column":6},"end":{"line":22,"column":29}},"8":{"start":{"line":25,"column":6},"end":{"line":25,"column":46}},"9":{"start":{"line":8,"column":0},"end":{"line":8,"column":16}}},"fnMap":{"0":{"name":"loadData","decl":{"start":{"line":8,"column":16},"end":{"line":8,"column":24}},"loc":{"start":{"line":8,"column":61},"end":{"line":27,"column":1}}},"1":{"name":"(anonymous_1)","decl":{"start":{"line":16,"column":10},"end":{"line":16,"column":11}},"loc":{"start":{"line":16,"column":19},"end":{"line":23,"column":5}}},"2":{"name":"(anonymous_2)","decl":{"start":{"line":24,"column":11},"end":{"line":24,"column":12}},"loc":{"start":{"line":24,"column":17},"end":{"line":26,"column":5}}}},"branchMap":{"0":{"loc":{"start":{"line":10,"column":2},"end":{"line":13,"column":null}},"type":"if","locations":[{"start":{"line":10,"column":2},"end":{"line":13,"column":null}},{"start":{"line":10,"column":2},"end":{"line":13,"column":null}}]},"1":{"loc":{"start":{"line":17,"column":6},"end":{"line":21,"column":null}},"type":"if","locations":[{"start":{"line":17,"column":6},"end":{"line":21,"column":null}},{"start":{"line":17,"column":6},"end":{"line":21,"column":null}}]}},"s":{"0":1,"1":1,"2":0,"3":0,"4":1,"5":0,"6":0,"7":0,"8":0,"9":1},"f":{"0":1,"1":0,"2":0},"b":{"0":[0,1],"1":[0,0]}}
}
