TN:
SF:src\components\app\app.tsx
FN:20,(anonymous_12)
FN:21,App
FN:41,(anonymous_14)
FN:42,(anonymous_15)
FN:50,(anonymous_16)
FN:60,(anonymous_17)
FN:68,(anonymous_18)
FN:74,(anonymous_19)
FN:80,(anonymous_20)
FN:86,(anonymous_21)
FN:92,(anonymous_22)
FN:98,(anonymous_23)
FNF:12
FNH:4
FNDA:1,(anonymous_12)
FNDA:2,App
FNDA:1,(anonymous_14)
FNDA:0,(anonymous_15)
FNDA:0,(anonymous_16)
FNDA:0,(anonymous_17)
FNDA:0,(anonymous_18)
FNDA:0,(anonymous_19)
FNDA:0,(anonymous_20)
FNDA:0,(anonymous_21)
FNDA:0,(anonymous_22)
FNDA:1,(anonymous_23)
DA:1,1
DA:2,1
DA:3,1
DA:4,1
DA:5,1
DA:6,1
DA:7,1
DA:9,1
DA:20,1
DA:22,2
DA:24,1
DA:33,1
DA:34,1
DA:35,1
DA:36,1
DA:37,1
DA:38,1
DA:41,1
DA:42,1
DA:43,0
DA:50,1
DA:51,0
DA:52,0
DA:53,0
DA:60,0
DA:61,0
DA:68,1
DA:69,0
DA:74,1
DA:75,0
DA:80,1
DA:81,0
DA:86,1
DA:87,0
DA:92,1
DA:93,0
DA:98,1
DA:99,1
DA:101,1
DA:130,1
LF:40
LH:29
BRDA:22,0,0,2
BRDA:22,0,1,1
BRDA:54,1,0,0
BRDA:54,1,1,0
BRDA:55,2,0,0
BRDA:55,2,1,0
BRDA:57,3,0,0
BRDA:57,3,1,0
BRDA:104,4,0,1
BRDA:104,4,1,0
BRDA:120,5,0,0
BRDA:120,5,1,1
BRF:12
BRH:4
end_of_record
TN:
SF:src\components\app\index.tsx
FN:1,(anonymous_1)
FNF:1
FNH:1
FNDA:1,(anonymous_1)
DA:1,2
LF:1
LH:1
BRF:0
BRH:0
end_of_record
TN:
SF:src\components\error-boundary\error-boundary.tsx
FN:7,(anonymous_12)
FN:8,ErrorBoundary
FN:16,(anonymous_14)
FN:23,(anonymous_15)
FNF:4
FNH:3
FNDA:1,(anonymous_12)
FNDA:1,ErrorBoundary
FNDA:0,(anonymous_14)
FNDA:1,(anonymous_15)
DA:1,1
DA:7,1
DA:9,1
DA:11,1
DA:16,1
DA:17,0
DA:20,0
DA:23,1
DA:24,1
DA:25,1
DA:27,1
DA:28,0
DA:30,1
DA:32,1
LF:14
LH:11
BRDA:9,0,0,1
BRDA:9,0,1,1
BRDA:27,1,0,0
BRDA:27,1,1,1
BRF:4
BRH:3
end_of_record
TN:
SF:src\components\error-boundary\index.tsx
FN:1,(anonymous_1)
FNF:1
FNH:1
FNDA:1,(anonymous_1)
DA:1,2
LF:1
LH:1
BRF:0
BRH:0
end_of_record
TN:
SF:src\components\movie\movie-card\index.tsx
FN:1,(anonymous_1)
FNF:1
FNH:0
FNDA:0,(anonymous_1)
DA:1,1
LF:1
LH:1
BRF:0
BRH:0
end_of_record
TN:
SF:src\components\movie\movie-card\movie-card.tsx
FN:14,(anonymous_12)
FN:15,MovieCard
FN:26,(anonymous_14)
FN:31,(anonymous_15)
FN:37,(anonymous_16)
FNF:5
FNH:1
FNDA:1,(anonymous_12)
FNDA:0,MovieCard
FNDA:0,(anonymous_14)
FNDA:0,(anonymous_15)
FNDA:0,(anonymous_16)
DA:1,1
DA:2,1
DA:14,1
DA:16,0
DA:18,0
DA:22,0
DA:23,0
DA:26,1
DA:27,0
DA:28,0
DA:31,1
DA:32,0
DA:37,1
DA:38,0
DA:41,0
DA:42,0
DA:43,0
DA:44,0
DA:46,0
DA:48,0
DA:50,0
DA:68,1
LF:22
LH:7
BRDA:16,0,0,0
BRDA:16,0,1,0
BRDA:48,1,0,0
BRDA:48,1,1,0
BRF:4
BRH:0
end_of_record
TN:
SF:src\components\movie\movie-details\index.tsx
FN:1,(anonymous_1)
FNF:1
FNH:0
FNDA:0,(anonymous_1)
DA:1,1
LF:1
LH:1
BRF:0
BRH:0
end_of_record
TN:
SF:src\components\movie\movie-details\movie-details.tsx
FN:16,(anonymous_12)
FN:17,MovieDetails
FN:28,(anonymous_14)
FN:32,(anonymous_15)
FN:39,(anonymous_16)
FN:45,(anonymous_17)
FN:55,(anonymous_18)
FN:62,(anonymous_19)
FNF:8
FNH:1
FNDA:1,(anonymous_12)
FNDA:0,MovieDetails
FNDA:0,(anonymous_14)
FNDA:0,(anonymous_15)
FNDA:0,(anonymous_16)
FNDA:0,(anonymous_17)
FNDA:0,(anonymous_18)
FNDA:0,(anonymous_19)
DA:1,1
DA:2,1
DA:4,1
DA:16,1
DA:18,0
DA:20,0
DA:25,0
DA:28,1
DA:29,0
DA:32,1
DA:33,0
DA:34,0
DA:35,0
DA:39,1
DA:40,0
DA:45,1
DA:46,0
DA:48,0
DA:49,0
DA:52,0
DA:55,0
DA:56,0
DA:62,1
DA:63,0
DA:64,0
DA:66,0
DA:76,0
DA:79,0
DA:81,0
DA:104,1
LF:30
LH:10
BRDA:18,0,0,0
BRDA:18,0,1,0
BRDA:34,1,0,0
BRDA:34,1,1,0
BRDA:48,2,0,0
BRDA:48,2,1,0
BRDA:66,3,0,0
BRDA:66,3,1,0
BRDA:79,4,0,0
BRDA:79,4,1,0
BRF:10
BRH:0
end_of_record
TN:
SF:src\components\movie\movie-list\index.tsx
FN:1,(anonymous_1)
FNF:1
FNH:1
FNDA:1,(anonymous_1)
DA:1,2
LF:1
LH:1
BRF:0
BRH:0
end_of_record
TN:
SF:src\components\movie\movie-list\movie-list.tsx
FN:11,MovieList
FN:18,(anonymous_2)
FNF:2
FNH:1
FNDA:1,MovieList
FNDA:0,(anonymous_2)
DA:1,1
DA:2,1
DA:11,1
DA:13,1
DA:14,0
DA:16,0
DA:18,0
LF:7
LH:4
BRDA:13,0,0,1
BRDA:13,0,1,0
BRDA:14,1,0,0
BRDA:14,1,1,0
BRF:4
BRH:1
end_of_record
TN:
SF:src\components\radio-button\index.tsx
FN:1,(anonymous_1)
FNF:1
FNH:1
FNDA:4,(anonymous_1)
DA:1,5
LF:1
LH:1
BRF:0
BRH:0
end_of_record
TN:
SF:src\components\radio-button\radio-button.tsx
FN:11,RadioButton
FNF:1
FNH:1
FNDA:4,RadioButton
DA:1,1
DA:2,1
DA:11,4
DA:12,4
LF:4
LH:4
BRDA:13,0,0,2
BRDA:13,0,1,2
BRF:2
BRH:2
end_of_record
TN:
SF:src\components\search-bar\index.tsx
FN:1,(anonymous_1)
FNF:1
FNH:1
FNDA:1,(anonymous_1)
DA:1,2
LF:1
LH:1
BRF:0
BRH:0
end_of_record
TN:
SF:src\components\search-bar\search-bar.tsx
FN:13,SearchBar
FNF:1
FNH:1
FNDA:1,SearchBar
DA:1,1
DA:2,1
DA:3,1
DA:13,1
DA:14,1
LF:5
LH:5
BRF:0
BRH:0
end_of_record
TN:
SF:src\components\search-info\index.tsx
FN:1,(anonymous_1)
FNF:1
FNH:1
FNDA:1,(anonymous_1)
DA:1,2
LF:1
LH:1
BRF:0
BRH:0
end_of_record
TN:
SF:src\components\search-info\search-info.tsx
FN:11,SearchInfo
FNF:1
FNH:1
FNDA:1,SearchInfo
DA:1,1
DA:2,1
DA:3,1
DA:11,1
DA:12,1
LF:5
LH:5
BRF:0
BRH:0
end_of_record
TN:
SF:src\helpers\resourse.tsx
FN:8,loadData
FN:16,(anonymous_1)
FN:24,(anonymous_2)
FNF:3
FNH:1
FNDA:1,loadData
FNDA:0,(anonymous_1)
FNDA:0,(anonymous_2)
DA:8,1
DA:9,1
DA:10,1
DA:11,0
DA:12,0
DA:15,1
DA:17,0
DA:18,0
DA:22,0
DA:25,0
LF:10
LH:4
BRDA:10,0,0,0
BRDA:10,0,1,1
BRDA:17,1,0,0
BRDA:17,1,1,0
BRF:4
BRH:1
end_of_record
